app/build/intermediates/manifest_merge_blame_file/debug/manifest-merger-blame-debug-report.txt
1<?xml version="1.0" encoding="utf-8"?>
2<manifest xmlns:android="http://schemas.android.com/apk/res/android"
3    package="com.development.unique_pacman"
4    android:versionCode="1"
5    android:versionName="1.0" >
6
7    <uses-sdk
8        android:minSdkVersion="24"
8-->src\main\AndroidManifest.xml
9        android:targetSdkVersion="33" />
9-->src\main\AndroidManifest.xml
10
11    <permission
11-->[androidx.core:core:1.9.0] AndroidManifest.xml:22:5-24:47
12        android:name="com.development.unique_pacman.DYNAMIC_RECEIVER_NOT_EXPORTED_PERMISSION"
12-->[androidx.core:core:1.9.0] AndroidManifest.xml:23:9-81
13        android:protectionLevel="signature" />
13-->[androidx.core:core:1.9.0] AndroidManifest.xml:24:9-44
14
15    <uses-permission android:name="com.development.unique_pacman.DYNAMIC_RECEIVER_NOT_EXPORTED_PERMISSION" />
15-->[androidx.core:core:1.9.0] AndroidManifest.xml:26:5-97
15-->[androidx.core:core:1.9.0] AndroidManifest.xml:26:22-94
16
17    <application
17-->src\main\AndroidManifest.xml:5:5-27:19
18        android:name="com.development.unique_pacman.ui.MyApp"
18-->src\main\AndroidManifest.xml:6:9-33
19        android:allowBackup="true"
19-->src\main\AndroidManifest.xml:7:9-35
20        android:appComponentFactory="androidx.core.app.CoreComponentFactory"
20-->[androidx.core:core:1.9.0] AndroidManifest.xml:28:18-86
21        android:dataExtractionRules="@xml/data_extraction_rules"
21-->src\main\AndroidManifest.xml:8:9-65
22        android:debuggable="true"
23        android:extractNativeLibs="false"
24        android:fullBackupContent="@xml/backup_rules"
24-->src\main\AndroidManifest.xml:9:9-54
25        android:icon="@mipmap/ic_launcher"
25-->src\main\AndroidManifest.xml:10:9-43
26        android:label="@string/app_name"
26-->src\main\AndroidManifest.xml:11:9-41
27        android:supportsRtl="true"
27-->src\main\AndroidManifest.xml:12:9-35
28        android:testOnly="true"
29        android:theme="@style/Theme.SnakeGame" >
29-->src\main\AndroidManifest.xml:13:9-47
30        <activity
30-->src\main\AndroidManifest.xml:15:9-26:20
31            android:name="com.development.unique_pacman.MainActivity"
31-->src\main\AndroidManifest.xml:16:13-70
32            android:exported="true"
32-->src\main\AndroidManifest.xml:17:13-36
33            android:label="@string/app_name"
33-->src\main\AndroidManifest.xml:18:13-45
34            android:screenOrientation="portrait"
34-->src\main\AndroidManifest.xml:20:13-49
35            android:theme="@style/Theme.SnakeGame" >
35-->src\main\AndroidManifest.xml:19:13-51
36            <intent-filter>
36-->src\main\AndroidManifest.xml:21:13-25:29
37                <action android:name="android.intent.action.MAIN" />
37-->src\main\AndroidManifest.xml:22:17-69
37-->src\main\AndroidManifest.xml:22:25-66
38
39                <category android:name="android.intent.category.LAUNCHER" />
39-->src\main\AndroidManifest.xml:24:17-77
39-->src\main\AndroidManifest.xml:24:27-74
40            </intent-filter>
41        </activity>
42        <activity
42-->[androidx.compose.ui:ui-tooling:1.3.2] AndroidManifest.xml:23:9-25:39
43            android:name="androidx.compose.ui.tooling.PreviewActivity"
43-->[androidx.compose.ui:ui-tooling:1.3.2] AndroidManifest.xml:24:13-71
44            android:exported="true" />
44-->[androidx.compose.ui:ui-tooling:1.3.2] AndroidManifest.xml:25:13-36
45
46        <provider
46-->[androidx.emoji2:emoji2:1.2.0] AndroidManifest.xml:24:9-32:20
47            android:name="androidx.startup.InitializationProvider"
47-->[androidx.emoji2:emoji2:1.2.0] AndroidManifest.xml:25:13-67
48            android:authorities="com.development.unique_pacman.androidx-startup"
48-->[androidx.emoji2:emoji2:1.2.0] AndroidManifest.xml:26:13-68
49            android:exported="false" >
49-->[androidx.emoji2:emoji2:1.2.0] AndroidManifest.xml:27:13-37
50            <meta-data
50-->[androidx.emoji2:emoji2:1.2.0] AndroidManifest.xml:29:13-31:52
51                android:name="androidx.emoji2.text.EmojiCompatInitializer"
51-->[androidx.emoji2:emoji2:1.2.0] AndroidManifest.xml:30:17-75
52                android:value="androidx.startup" />
52-->[androidx.emoji2:emoji2:1.2.0] AndroidManifest.xml:31:17-49
53            <meta-data
53-->[androidx.lifecycle:lifecycle-process:2.4.1] AndroidManifest.xml:31:13-33:52
54                android:name="androidx.lifecycle.ProcessLifecycleInitializer"
54-->[androidx.lifecycle:lifecycle-process:2.4.1] AndroidManifest.xml:32:17-78
55                android:value="androidx.startup" />
55-->[androidx.lifecycle:lifecycle-process:2.4.1] AndroidManifest.xml:33:17-49
56            <meta-data
56-->[androidx.profileinstaller:profileinstaller:1.2.0] AndroidManifest.xml:30:13-32:52
57                android:name="androidx.profileinstaller.ProfileInstallerInitializer"
57-->[androidx.profileinstaller:profileinstaller:1.2.0] AndroidManifest.xml:31:17-85
58                android:value="androidx.startup" />
58-->[androidx.profileinstaller:profileinstaller:1.2.0] AndroidManifest.xml:32:17-49
59        </provider>
60
61        <service
61-->[androidx.room:room-runtime:2.4.3] AndroidManifest.xml:25:9-28:40
62            android:name="androidx.room.MultiInstanceInvalidationService"
62-->[androidx.room:room-runtime:2.4.3] AndroidManifest.xml:26:13-74
63            android:directBootAware="true"
63-->[androidx.room:room-runtime:2.4.3] AndroidManifest.xml:27:13-43
64            android:exported="false" />
64-->[androidx.room:room-runtime:2.4.3] AndroidManifest.xml:28:13-37
65
66        <receiver
66-->[androidx.profileinstaller:profileinstaller:1.2.0] AndroidManifest.xml:35:9-47:20
67            android:name="androidx.profileinstaller.ProfileInstallReceiver"
67-->[androidx.profileinstaller:profileinstaller:1.2.0] AndroidManifest.xml:36:13-76
68            android:directBootAware="false"
68-->[androidx.profileinstaller:profileinstaller:1.2.0] AndroidManifest.xml:37:13-44
69            android:enabled="true"
69-->[androidx.profileinstaller:profileinstaller:1.2.0] AndroidManifest.xml:38:13-35
70            android:exported="true"
70-->[androidx.profileinstaller:profileinstaller:1.2.0] AndroidManifest.xml:39:13-36
71            android:permission="android.permission.DUMP" >
71-->[androidx.profileinstaller:profileinstaller:1.2.0] AndroidManifest.xml:40:13-57
72            <intent-filter>
72-->[androidx.profileinstaller:profileinstaller:1.2.0] AndroidManifest.xml:41:13-43:29
73                <action android:name="androidx.profileinstaller.action.INSTALL_PROFILE" />
73-->[androidx.profileinstaller:profileinstaller:1.2.0] AndroidManifest.xml:42:17-91
73-->[androidx.profileinstaller:profileinstaller:1.2.0] AndroidManifest.xml:42:25-88
74            </intent-filter>
75            <intent-filter>
75-->[androidx.profileinstaller:profileinstaller:1.2.0] AndroidManifest.xml:44:13-46:29
76                <action android:name="androidx.profileinstaller.action.SKIP_FILE" />
76-->[androidx.profileinstaller:profileinstaller:1.2.0] AndroidManifest.xml:45:17-85
76-->[androidx.profileinstaller:profileinstaller:1.2.0] AndroidManifest.xml:45:25-82
77            </intent-filter>
78        </receiver>
79    </application>
80
81</manifest>